Updating Model file from 20303 to latest format...
Loaded model arm26 from file arm26.osim
Couldn't find file 'ground_ribs.vtp'.
Couldn't find file 'ground_spine.vtp'.
Couldn't find file 'ground_skull.vtp'.
Couldn't find file 'ground_jaw.vtp'.
Couldn't find file 'ground_r_clavicle.vtp'.
Couldn't find file 'ground_r_scapula.vtp'.
Couldn't find file 'arm_r_humerus.vtp'.
Couldn't find file 'arm_r_ulna.vtp'.
Couldn't find file 'arm_r_radius.vtp'.
Couldn't find file 'arm_r_lunate.vtp'.
Couldn't find file 'arm_r_scaphoid.vtp'.
Couldn't find file 'arm_r_pisiform.vtp'.
Couldn't find file 'arm_r_triquetrum.vtp'.
Couldn't find file 'arm_r_capitate.vtp'.
Couldn't find file 'arm_r_trapezium.vtp'.
Couldn't find file 'arm_r_trapezoid.vtp'.
Couldn't find file 'arm_r_hamate.vtp'.
Couldn't find file 'arm_r_1mc.vtp'.
Couldn't find file 'arm_r_2mc.vtp'.
Couldn't find file 'arm_r_3mc.vtp'.
Couldn't find file 'arm_r_4mc.vtp'.
Couldn't find file 'arm_r_5mc.vtp'.
Couldn't find file 'arm_r_thumbprox.vtp'.
Couldn't find file 'arm_r_thumbdist.vtp'.
Couldn't find file 'arm_r_2proxph.vtp'.
Couldn't find file 'arm_r_2midph.vtp'.
Couldn't find file 'arm_r_2distph.vtp'.
Couldn't find file 'arm_r_3proxph.vtp'.
Couldn't find file 'arm_r_3midph.vtp'.
Couldn't find file 'arm_r_3distph.vtp'.
Couldn't find file 'arm_r_4proxph.vtp'.
Couldn't find file 'arm_r_4midph.vtp'.
Couldn't find file 'arm_r_4distph.vtp'.
Couldn't find file 'arm_r_5proxph.vtp'.
Couldn't find file 'arm_r_5midph.vtp'.
Couldn't find file 'arm_r_5distph.vtp'.
ControllerSet 'Controllers' was renamed and is being reset to 'controllerset'.
ComponentSet 'MiscComponents' was renamed and is being reset to 'componentset'.
Updating Model file from 20303 to latest format...
Loaded model arm26 from file arm26.osim
Couldn't find file 'ground_ribs.vtp'.
Couldn't find file 'ground_spine.vtp'.
Couldn't find file 'ground_skull.vtp'.
Couldn't find file 'ground_jaw.vtp'.
Couldn't find file 'ground_r_clavicle.vtp'.
Couldn't find file 'ground_r_scapula.vtp'.
Couldn't find file 'arm_r_humerus.vtp'.
Couldn't find file 'arm_r_ulna.vtp'.
Couldn't find file 'arm_r_radius.vtp'.
Couldn't find file 'arm_r_lunate.vtp'.
Couldn't find file 'arm_r_scaphoid.vtp'.
Couldn't find file 'arm_r_pisiform.vtp'.
Couldn't find file 'arm_r_triquetrum.vtp'.
Couldn't find file 'arm_r_capitate.vtp'.
Couldn't find file 'arm_r_trapezium.vtp'.
Couldn't find file 'arm_r_trapezoid.vtp'.
Couldn't find file 'arm_r_hamate.vtp'.
Couldn't find file 'arm_r_1mc.vtp'.
Couldn't find file 'arm_r_2mc.vtp'.
Couldn't find file 'arm_r_3mc.vtp'.
Couldn't find file 'arm_r_4mc.vtp'.
Couldn't find file 'arm_r_5mc.vtp'.
Couldn't find file 'arm_r_thumbprox.vtp'.
Couldn't find file 'arm_r_thumbdist.vtp'.
Couldn't find file 'arm_r_2proxph.vtp'.
Couldn't find file 'arm_r_2midph.vtp'.
Couldn't find file 'arm_r_2distph.vtp'.
Couldn't find file 'arm_r_3proxph.vtp'.
Couldn't find file 'arm_r_3midph.vtp'.
Couldn't find file 'arm_r_3distph.vtp'.
Couldn't find file 'arm_r_4proxph.vtp'.
Couldn't find file 'arm_r_4midph.vtp'.
Couldn't find file 'arm_r_4distph.vtp'.
Couldn't find file 'arm_r_5proxph.vtp'.
Couldn't find file 'arm_r_5midph.vtp'.
Couldn't find file 'arm_r_5distph.vtp'.
ControllerSet 'Controllers' was renamed and is being reset to 'controllerset'.
ComponentSet 'MiscComponents' was renamed and is being reset to 'componentset'.
Updating Model file from 20303 to latest format...
Loaded model arm26 from file arm26.osim
Couldn't find file 'ground_ribs.vtp'.
Couldn't find file 'ground_spine.vtp'.
Couldn't find file 'ground_skull.vtp'.
Couldn't find file 'ground_jaw.vtp'.
Couldn't find file 'ground_r_clavicle.vtp'.
Couldn't find file 'ground_r_scapula.vtp'.
Couldn't find file 'arm_r_humerus.vtp'.
Couldn't find file 'arm_r_ulna.vtp'.
Couldn't find file 'arm_r_radius.vtp'.
Couldn't find file 'arm_r_lunate.vtp'.
Couldn't find file 'arm_r_scaphoid.vtp'.
Couldn't find file 'arm_r_pisiform.vtp'.
Couldn't find file 'arm_r_triquetrum.vtp'.
Couldn't find file 'arm_r_capitate.vtp'.
Couldn't find file 'arm_r_trapezium.vtp'.
Couldn't find file 'arm_r_trapezoid.vtp'.
Couldn't find file 'arm_r_hamate.vtp'.
Couldn't find file 'arm_r_1mc.vtp'.
Couldn't find file 'arm_r_2mc.vtp'.
Couldn't find file 'arm_r_3mc.vtp'.
Couldn't find file 'arm_r_4mc.vtp'.
Couldn't find file 'arm_r_5mc.vtp'.
Couldn't find file 'arm_r_thumbprox.vtp'.
Couldn't find file 'arm_r_thumbdist.vtp'.
Couldn't find file 'arm_r_2proxph.vtp'.
Couldn't find file 'arm_r_2midph.vtp'.
Couldn't find file 'arm_r_2distph.vtp'.
Couldn't find file 'arm_r_3proxph.vtp'.
Couldn't find file 'arm_r_3midph.vtp'.
Couldn't find file 'arm_r_3distph.vtp'.
Couldn't find file 'arm_r_4proxph.vtp'.
Couldn't find file 'arm_r_4midph.vtp'.
Couldn't find file 'arm_r_4distph.vtp'.
Couldn't find file 'arm_r_5proxph.vtp'.
Couldn't find file 'arm_r_5midph.vtp'.
Couldn't find file 'arm_r_5distph.vtp'.
ControllerSet 'Controllers' was renamed and is being reset to 'controllerset'.
ComponentSet 'MiscComponents' was renamed and is being reset to 'componentset'.
Updating Model file from 20303 to latest format...
Loaded model arm26 from file arm26.osim
Couldn't find file 'ground_ribs.vtp'.
Couldn't find file 'ground_spine.vtp'.
Couldn't find file 'ground_skull.vtp'.
Couldn't find file 'ground_jaw.vtp'.
Couldn't find file 'ground_r_clavicle.vtp'.
Couldn't find file 'ground_r_scapula.vtp'.
Couldn't find file 'arm_r_humerus.vtp'.
Couldn't find file 'arm_r_ulna.vtp'.
Couldn't find file 'arm_r_radius.vtp'.
Couldn't find file 'arm_r_lunate.vtp'.
Couldn't find file 'arm_r_scaphoid.vtp'.
Couldn't find file 'arm_r_pisiform.vtp'.
Couldn't find file 'arm_r_triquetrum.vtp'.
Couldn't find file 'arm_r_capitate.vtp'.
Couldn't find file 'arm_r_trapezium.vtp'.
Couldn't find file 'arm_r_trapezoid.vtp'.
Couldn't find file 'arm_r_hamate.vtp'.
Couldn't find file 'arm_r_1mc.vtp'.
Couldn't find file 'arm_r_2mc.vtp'.
Couldn't find file 'arm_r_3mc.vtp'.
Couldn't find file 'arm_r_4mc.vtp'.
Couldn't find file 'arm_r_5mc.vtp'.
Couldn't find file 'arm_r_thumbprox.vtp'.
Couldn't find file 'arm_r_thumbdist.vtp'.
Couldn't find file 'arm_r_2proxph.vtp'.
Couldn't find file 'arm_r_2midph.vtp'.
Couldn't find file 'arm_r_2distph.vtp'.
Couldn't find file 'arm_r_3proxph.vtp'.
Couldn't find file 'arm_r_3midph.vtp'.
Couldn't find file 'arm_r_3distph.vtp'.
Couldn't find file 'arm_r_4proxph.vtp'.
Couldn't find file 'arm_r_4midph.vtp'.
Couldn't find file 'arm_r_4distph.vtp'.
Couldn't find file 'arm_r_5proxph.vtp'.
Couldn't find file 'arm_r_5midph.vtp'.
Couldn't find file 'arm_r_5distph.vtp'.
ControllerSet 'Controllers' was renamed and is being reset to 'controllerset'.
ComponentSet 'MiscComponents' was renamed and is being reset to 'componentset'.
Updating Model file from 20303 to latest format...
Loaded model arm26 from file arm26.osim
Couldn't find file 'ground_ribs.vtp'.
Couldn't find file 'ground_spine.vtp'.
Couldn't find file 'ground_skull.vtp'.
Couldn't find file 'ground_jaw.vtp'.
Couldn't find file 'ground_r_clavicle.vtp'.
Couldn't find file 'ground_r_scapula.vtp'.
Couldn't find file 'arm_r_humerus.vtp'.
Couldn't find file 'arm_r_ulna.vtp'.
Couldn't find file 'arm_r_radius.vtp'.
Couldn't find file 'arm_r_lunate.vtp'.
Couldn't find file 'arm_r_scaphoid.vtp'.
Couldn't find file 'arm_r_pisiform.vtp'.
Couldn't find file 'arm_r_triquetrum.vtp'.
Couldn't find file 'arm_r_capitate.vtp'.
Couldn't find file 'arm_r_trapezium.vtp'.
Couldn't find file 'arm_r_trapezoid.vtp'.
Couldn't find file 'arm_r_hamate.vtp'.
Couldn't find file 'arm_r_1mc.vtp'.
Couldn't find file 'arm_r_2mc.vtp'.
Couldn't find file 'arm_r_3mc.vtp'.
Couldn't find file 'arm_r_4mc.vtp'.
Couldn't find file 'arm_r_5mc.vtp'.
Couldn't find file 'arm_r_thumbprox.vtp'.
Couldn't find file 'arm_r_thumbdist.vtp'.
Couldn't find file 'arm_r_2proxph.vtp'.
Couldn't find file 'arm_r_2midph.vtp'.
Couldn't find file 'arm_r_2distph.vtp'.
Couldn't find file 'arm_r_3proxph.vtp'.
Couldn't find file 'arm_r_3midph.vtp'.
Couldn't find file 'arm_r_3distph.vtp'.
Couldn't find file 'arm_r_4proxph.vtp'.
Couldn't find file 'arm_r_4midph.vtp'.
Couldn't find file 'arm_r_4distph.vtp'.
Couldn't find file 'arm_r_5proxph.vtp'.
Couldn't find file 'arm_r_5midph.vtp'.
Couldn't find file 'arm_r_5distph.vtp'.
ControllerSet 'Controllers' was renamed and is being reset to 'controllerset'.
ComponentSet 'MiscComponents' was renamed and is being reset to 'componentset'.
Updating Model file from 20303 to latest format...
Loaded model arm26 from file arm26.osim
Couldn't find file 'ground_ribs.vtp'.
Couldn't find file 'ground_spine.vtp'.
Couldn't find file 'ground_skull.vtp'.
Couldn't find file 'ground_jaw.vtp'.
Couldn't find file 'ground_r_clavicle.vtp'.
Couldn't find file 'ground_r_scapula.vtp'.
Couldn't find file 'arm_r_humerus.vtp'.
Couldn't find file 'arm_r_ulna.vtp'.
Couldn't find file 'arm_r_radius.vtp'.
Couldn't find file 'arm_r_lunate.vtp'.
Couldn't find file 'arm_r_scaphoid.vtp'.
Couldn't find file 'arm_r_pisiform.vtp'.
Couldn't find file 'arm_r_triquetrum.vtp'.
Couldn't find file 'arm_r_capitate.vtp'.
Couldn't find file 'arm_r_trapezium.vtp'.
Couldn't find file 'arm_r_trapezoid.vtp'.
Couldn't find file 'arm_r_hamate.vtp'.
Couldn't find file 'arm_r_1mc.vtp'.
Couldn't find file 'arm_r_2mc.vtp'.
Couldn't find file 'arm_r_3mc.vtp'.
Couldn't find file 'arm_r_4mc.vtp'.
Couldn't find file 'arm_r_5mc.vtp'.
Couldn't find file 'arm_r_thumbprox.vtp'.
Couldn't find file 'arm_r_thumbdist.vtp'.
Couldn't find file 'arm_r_2proxph.vtp'.
Couldn't find file 'arm_r_2midph.vtp'.
Couldn't find file 'arm_r_2distph.vtp'.
Couldn't find file 'arm_r_3proxph.vtp'.
Couldn't find file 'arm_r_3midph.vtp'.
Couldn't find file 'arm_r_3distph.vtp'.
Couldn't find file 'arm_r_4proxph.vtp'.
Couldn't find file 'arm_r_4midph.vtp'.
Couldn't find file 'arm_r_4distph.vtp'.
Couldn't find file 'arm_r_5proxph.vtp'.
Couldn't find file 'arm_r_5midph.vtp'.
Couldn't find file 'arm_r_5distph.vtp'.
ControllerSet 'Controllers' was renamed and is being reset to 'controllerset'.
ComponentSet 'MiscComponents' was renamed and is being reset to 'componentset'.
Updating Model file from 30000 to latest format...
Loaded model FullBodyModel_MuscleActuatedLowerLimb_TorqueActuatedUpperBody from file Rajagopal2015.osim
Couldn't find file 'r_pelvis.vtp'.
Couldn't find file 'l_pelvis.vtp'.
Couldn't find file 'sacrum.vtp'.
Couldn't find file 'r_femur.vtp'.
Couldn't find file 'r_tibia.vtp'.
Couldn't find file 'r_fibula.vtp'.
Couldn't find file 'r_patella.vtp'.
Couldn't find file 'r_talus.vtp'.
Couldn't find file 'r_foot.vtp'.
Couldn't find file 'r_bofoot.vtp'.
Couldn't find file 'l_femur.vtp'.
Couldn't find file 'l_tibia.vtp'.
Couldn't find file 'l_fibula.vtp'.
Couldn't find file 'l_patella.vtp'.
Couldn't find file 'l_talus.vtp'.
Couldn't find file 'l_foot.vtp'.
Couldn't find file 'l_bofoot.vtp'.
Couldn't find file 'hat_spine.vtp'.
Couldn't find file 'hat_jaw.vtp'.
Couldn't find file 'hat_skull.vtp'.
Couldn't find file 'hat_ribs_scap.vtp'.
Couldn't find file 'humerus_rv.vtp'.
Couldn't find file 'ulna_rv.vtp'.
Couldn't find file 'radius_rv.vtp'.
Couldn't find file 'pisiform_rvs.vtp'.
Couldn't find file 'lunate_rvs.vtp'.
Couldn't find file 'scaphoid_rvs.vtp'.
Couldn't find file 'triquetrum_rvs.vtp'.
Couldn't find file 'hamate_rvs.vtp'.
Couldn't find file 'capitate_rvs.vtp'.
Couldn't find file 'trapezoid_rvs.vtp'.
Couldn't find file 'trapezium_rvs.vtp'.
Couldn't find file 'metacarpal2_rvs.vtp'.
Couldn't find file 'index_proximal_rvs.vtp'.
Couldn't find file 'index_medial_rvs.vtp'.
Couldn't find file 'index_distal_rvs.vtp'.
Couldn't find file 'metacarpal3_rvs.vtp'.
Couldn't find file 'middle_proximal_rvs.vtp'.
Couldn't find file 'middle_medial_rvs.vtp'.
Couldn't find file 'middle_distal_rvs.vtp'.
Couldn't find file 'metacarpal4_rvs.vtp'.
Couldn't find file 'ring_proximal_rvs.vtp'.
Couldn't find file 'ring_medial_rvs.vtp'.
Couldn't find file 'ring_distal_rvs.vtp'.
Couldn't find file 'metacarpal5_rvs.vtp'.
Couldn't find file 'little_proximal_rvs.vtp'.
Couldn't find file 'little_medial_rvs.vtp'.
Couldn't find file 'little_distal_rvs.vtp'.
Couldn't find file 'metacarpal1_rvs.vtp'.
Couldn't find file 'thumb_proximal_rvs.vtp'.
Couldn't find file 'thumb_distal_rvs.vtp'.
Couldn't find file 'humerus_lv.vtp'.
Couldn't find file 'ulna_lv.vtp'.
Couldn't find file 'radius_lv.vtp'.
Couldn't find file 'pisiform_lvs.vtp'.
Couldn't find file 'lunate_lvs.vtp'.
Couldn't find file 'scaphoid_lvs.vtp'.
Couldn't find file 'triquetrum_lvs.vtp'.
Couldn't find file 'hamate_lvs.vtp'.
Couldn't find file 'capitate_lvs.vtp'.
Couldn't find file 'trapezoid_lvs.vtp'.
Couldn't find file 'trapezium_lvs.vtp'.
Couldn't find file 'metacarpal2_lvs.vtp'.
Couldn't find file 'index_proximal_lvs.vtp'.
Couldn't find file 'index_medial_lvs.vtp'.
Couldn't find file 'index_distal_lvs.vtp'.
Couldn't find file 'metacarpal3_lvs.vtp'.
Couldn't find file 'middle_proximal_lvs.vtp'.
Couldn't find file 'middle_medial_lvs.vtp'.
Couldn't find file 'middle_distal_lvs.vtp'.
Couldn't find file 'metacarpal4_lvs.vtp'.
Couldn't find file 'ring_proximal_lvs.vtp'.
Couldn't find file 'ring_medial_lvs.vtp'.
Couldn't find file 'ring_distal_lvs.vtp'.
Couldn't find file 'metacarpal5_lvs.vtp'.
Couldn't find file 'little_proximal_lvs.vtp'.
Couldn't find file 'little_medial_lvs.vtp'.
Couldn't find file 'little_distal_lvs.vtp'.
Couldn't find file 'metacarpal1_lvs.vtp'.
Couldn't find file 'thumb_proximal_lvs.vtp'.
Couldn't find file 'thumb_distal_lvs.vtp'.
Updating Model file from 30000 to latest format...
Loaded model FullBodyModel_MuscleActuatedLowerLimb_TorqueActuatedUpperBody from file Rajagopal2015.osim
Couldn't find file 'r_pelvis.vtp'.
Couldn't find file 'l_pelvis.vtp'.
Couldn't find file 'sacrum.vtp'.
Couldn't find file 'r_femur.vtp'.
Couldn't find file 'r_tibia.vtp'.
Couldn't find file 'r_fibula.vtp'.
Couldn't find file 'r_patella.vtp'.
Couldn't find file 'r_talus.vtp'.
Couldn't find file 'r_foot.vtp'.
Couldn't find file 'r_bofoot.vtp'.
Couldn't find file 'l_femur.vtp'.
Couldn't find file 'l_tibia.vtp'.
Couldn't find file 'l_fibula.vtp'.
Couldn't find file 'l_patella.vtp'.
Couldn't find file 'l_talus.vtp'.
Couldn't find file 'l_foot.vtp'.
Couldn't find file 'l_bofoot.vtp'.
Couldn't find file 'hat_spine.vtp'.
Couldn't find file 'hat_jaw.vtp'.
Couldn't find file 'hat_skull.vtp'.
Couldn't find file 'hat_ribs_scap.vtp'.
Couldn't find file 'humerus_rv.vtp'.
Couldn't find file 'ulna_rv.vtp'.
Couldn't find file 'radius_rv.vtp'.
Couldn't find file 'pisiform_rvs.vtp'.
Couldn't find file 'lunate_rvs.vtp'.
Couldn't find file 'scaphoid_rvs.vtp'.
Couldn't find file 'triquetrum_rvs.vtp'.
Couldn't find file 'hamate_rvs.vtp'.
Couldn't find file 'capitate_rvs.vtp'.
Couldn't find file 'trapezoid_rvs.vtp'.
Couldn't find file 'trapezium_rvs.vtp'.
Couldn't find file 'metacarpal2_rvs.vtp'.
Couldn't find file 'index_proximal_rvs.vtp'.
Couldn't find file 'index_medial_rvs.vtp'.
Couldn't find file 'index_distal_rvs.vtp'.
Couldn't find file 'metacarpal3_rvs.vtp'.
Couldn't find file 'middle_proximal_rvs.vtp'.
Couldn't find file 'middle_medial_rvs.vtp'.
Couldn't find file 'middle_distal_rvs.vtp'.
Couldn't find file 'metacarpal4_rvs.vtp'.
Couldn't find file 'ring_proximal_rvs.vtp'.
Couldn't find file 'ring_medial_rvs.vtp'.
Couldn't find file 'ring_distal_rvs.vtp'.
Couldn't find file 'metacarpal5_rvs.vtp'.
Couldn't find file 'little_proximal_rvs.vtp'.
Couldn't find file 'little_medial_rvs.vtp'.
Couldn't find file 'little_distal_rvs.vtp'.
Couldn't find file 'metacarpal1_rvs.vtp'.
Couldn't find file 'thumb_proximal_rvs.vtp'.
Couldn't find file 'thumb_distal_rvs.vtp'.
Couldn't find file 'humerus_lv.vtp'.
Couldn't find file 'ulna_lv.vtp'.
Couldn't find file 'radius_lv.vtp'.
Couldn't find file 'pisiform_lvs.vtp'.
Couldn't find file 'lunate_lvs.vtp'.
Couldn't find file 'scaphoid_lvs.vtp'.
Couldn't find file 'triquetrum_lvs.vtp'.
Couldn't find file 'hamate_lvs.vtp'.
Couldn't find file 'capitate_lvs.vtp'.
Couldn't find file 'trapezoid_lvs.vtp'.
Couldn't find file 'trapezium_lvs.vtp'.
Couldn't find file 'metacarpal2_lvs.vtp'.
Couldn't find file 'index_proximal_lvs.vtp'.
Couldn't find file 'index_medial_lvs.vtp'.
Couldn't find file 'index_distal_lvs.vtp'.
Couldn't find file 'metacarpal3_lvs.vtp'.
Couldn't find file 'middle_proximal_lvs.vtp'.
Couldn't find file 'middle_medial_lvs.vtp'.
Couldn't find file 'middle_distal_lvs.vtp'.
Couldn't find file 'metacarpal4_lvs.vtp'.
Couldn't find file 'ring_proximal_lvs.vtp'.
Couldn't find file 'ring_medial_lvs.vtp'.
Couldn't find file 'ring_distal_lvs.vtp'.
Couldn't find file 'metacarpal5_lvs.vtp'.
Couldn't find file 'little_proximal_lvs.vtp'.
Couldn't find file 'little_medial_lvs.vtp'.
Couldn't find file 'little_distal_lvs.vtp'.
Couldn't find file 'metacarpal1_lvs.vtp'.
Couldn't find file 'thumb_proximal_lvs.vtp'.
Couldn't find file 'thumb_distal_lvs.vtp'.
Updating Model file from 30000 to latest format...
Loaded model FullBodyModel_MuscleActuatedLowerLimb_TorqueActuatedUpperBody from file Rajagopal2015.osim
Couldn't find file 'r_pelvis.vtp'.
Couldn't find file 'l_pelvis.vtp'.
Couldn't find file 'sacrum.vtp'.
Couldn't find file 'r_femur.vtp'.
Couldn't find file 'r_tibia.vtp'.
Couldn't find file 'r_fibula.vtp'.
Couldn't find file 'r_patella.vtp'.
Couldn't find file 'r_talus.vtp'.
Couldn't find file 'r_foot.vtp'.
Couldn't find file 'r_bofoot.vtp'.
Couldn't find file 'l_femur.vtp'.
Couldn't find file 'l_tibia.vtp'.
Couldn't find file 'l_fibula.vtp'.
Couldn't find file 'l_patella.vtp'.
Couldn't find file 'l_talus.vtp'.
Couldn't find file 'l_foot.vtp'.
Couldn't find file 'l_bofoot.vtp'.
Couldn't find file 'hat_spine.vtp'.
Couldn't find file 'hat_jaw.vtp'.
Couldn't find file 'hat_skull.vtp'.
Couldn't find file 'hat_ribs_scap.vtp'.
Couldn't find file 'humerus_rv.vtp'.
Couldn't find file 'ulna_rv.vtp'.
Couldn't find file 'radius_rv.vtp'.
Couldn't find file 'pisiform_rvs.vtp'.
Couldn't find file 'lunate_rvs.vtp'.
Couldn't find file 'scaphoid_rvs.vtp'.
Couldn't find file 'triquetrum_rvs.vtp'.
Couldn't find file 'hamate_rvs.vtp'.
Couldn't find file 'capitate_rvs.vtp'.
Couldn't find file 'trapezoid_rvs.vtp'.
Couldn't find file 'trapezium_rvs.vtp'.
Couldn't find file 'metacarpal2_rvs.vtp'.
Couldn't find file 'index_proximal_rvs.vtp'.
Couldn't find file 'index_medial_rvs.vtp'.
Couldn't find file 'index_distal_rvs.vtp'.
Couldn't find file 'metacarpal3_rvs.vtp'.
Couldn't find file 'middle_proximal_rvs.vtp'.
Couldn't find file 'middle_medial_rvs.vtp'.
Couldn't find file 'middle_distal_rvs.vtp'.
Couldn't find file 'metacarpal4_rvs.vtp'.
Couldn't find file 'ring_proximal_rvs.vtp'.
Couldn't find file 'ring_medial_rvs.vtp'.
Couldn't find file 'ring_distal_rvs.vtp'.
Couldn't find file 'metacarpal5_rvs.vtp'.
Couldn't find file 'little_proximal_rvs.vtp'.
Couldn't find file 'little_medial_rvs.vtp'.
Couldn't find file 'little_distal_rvs.vtp'.
Couldn't find file 'metacarpal1_rvs.vtp'.
Couldn't find file 'thumb_proximal_rvs.vtp'.
Couldn't find file 'thumb_distal_rvs.vtp'.
Couldn't find file 'humerus_lv.vtp'.
Couldn't find file 'ulna_lv.vtp'.
Couldn't find file 'radius_lv.vtp'.
Couldn't find file 'pisiform_lvs.vtp'.
Couldn't find file 'lunate_lvs.vtp'.
Couldn't find file 'scaphoid_lvs.vtp'.
Couldn't find file 'triquetrum_lvs.vtp'.
Couldn't find file 'hamate_lvs.vtp'.
Couldn't find file 'capitate_lvs.vtp'.
Couldn't find file 'trapezoid_lvs.vtp'.
Couldn't find file 'trapezium_lvs.vtp'.
Couldn't find file 'metacarpal2_lvs.vtp'.
Couldn't find file 'index_proximal_lvs.vtp'.
Couldn't find file 'index_medial_lvs.vtp'.
Couldn't find file 'index_distal_lvs.vtp'.
Couldn't find file 'metacarpal3_lvs.vtp'.
Couldn't find file 'middle_proximal_lvs.vtp'.
Couldn't find file 'middle_medial_lvs.vtp'.
Couldn't find file 'middle_distal_lvs.vtp'.
Couldn't find file 'metacarpal4_lvs.vtp'.
Couldn't find file 'ring_proximal_lvs.vtp'.
Couldn't find file 'ring_medial_lvs.vtp'.
Couldn't find file 'ring_distal_lvs.vtp'.
Couldn't find file 'metacarpal5_lvs.vtp'.
Couldn't find file 'little_proximal_lvs.vtp'.
Couldn't find file 'little_medial_lvs.vtp'.
Couldn't find file 'little_distal_lvs.vtp'.
Couldn't find file 'metacarpal1_lvs.vtp'.
Couldn't find file 'thumb_proximal_lvs.vtp'.
Couldn't find file 'thumb_distal_lvs.vtp'.
Updating Model file from 20303 to latest format...
Loaded model arm26 from file arm26.osim
Couldn't find file 'ground_ribs.vtp'.
Couldn't find file 'ground_spine.vtp'.
Couldn't find file 'ground_skull.vtp'.
Couldn't find file 'ground_jaw.vtp'.
Couldn't find file 'ground_r_clavicle.vtp'.
Couldn't find file 'ground_r_scapula.vtp'.
Couldn't find file 'arm_r_humerus.vtp'.
Couldn't find file 'arm_r_ulna.vtp'.
Couldn't find file 'arm_r_radius.vtp'.
Couldn't find file 'arm_r_lunate.vtp'.
Couldn't find file 'arm_r_scaphoid.vtp'.
Couldn't find file 'arm_r_pisiform.vtp'.
Couldn't find file 'arm_r_triquetrum.vtp'.
Couldn't find file 'arm_r_capitate.vtp'.
Couldn't find file 'arm_r_trapezium.vtp'.
Couldn't find file 'arm_r_trapezoid.vtp'.
Couldn't find file 'arm_r_hamate.vtp'.
Couldn't find file 'arm_r_1mc.vtp'.
Couldn't find file 'arm_r_2mc.vtp'.
Couldn't find file 'arm_r_3mc.vtp'.
Couldn't find file 'arm_r_4mc.vtp'.
Couldn't find file 'arm_r_5mc.vtp'.
Couldn't find file 'arm_r_thumbprox.vtp'.
Couldn't find file 'arm_r_thumbdist.vtp'.
Couldn't find file 'arm_r_2proxph.vtp'.
Couldn't find file 'arm_r_2midph.vtp'.
Couldn't find file 'arm_r_2distph.vtp'.
Couldn't find file 'arm_r_3proxph.vtp'.
Couldn't find file 'arm_r_3midph.vtp'.
Couldn't find file 'arm_r_3distph.vtp'.
Couldn't find file 'arm_r_4proxph.vtp'.
Couldn't find file 'arm_r_4midph.vtp'.
Couldn't find file 'arm_r_4distph.vtp'.
Couldn't find file 'arm_r_5proxph.vtp'.
Couldn't find file 'arm_r_5midph.vtp'.
Couldn't find file 'arm_r_5distph.vtp'.
ControllerSet 'Controllers' was renamed and is being reset to 'controllerset'.
ComponentSet 'MiscComponents' was renamed and is being reset to 'componentset'.
Loaded model double_pendulum from file double_pendulum.osim
Couldn't find file 'cylinder.vtp'.
Couldn't find file 'sphere.vtp'.
Couldn't find file 'cylinder.vtp'.
Couldn't find file 'sphere.vtp'.
Updating Model file from 30000 to latest format...
Loaded model gait10dof18musc.osim from file gait10dof18musc.osim
Couldn't find file 'sacrum.vtp'.
Couldn't find file 'pelvis.vtp'.
Couldn't find file 'l_pelvis.vtp'.
Couldn't find file 'femur_r.vtp'.
Couldn't find file 'tibia_r.vtp'.
Couldn't find file 'fibula.vtp'.
Couldn't find file 'talus.vtp'.
Couldn't find file 'foot.vtp'.
Couldn't find file 'bofoot.vtp'.
Couldn't find file 'femur_l.vtp'.
Couldn't find file 'tibia_l.vtp'.
Couldn't find file 'l_fibula.vtp'.
Couldn't find file 'l_talus.vtp'.
Couldn't find file 'l_foot.vtp'.
Couldn't find file 'l_bofoot.vtp'.
Couldn't find file 'hat_spine.vtp'.
Couldn't find file 'hat_jaw.vtp'.
Couldn't find file 'hat_skull.vtp'.
Couldn't find file 'hat_ribs.vtp'.
ControllerSet 'Controllers' was renamed and is being reset to 'controllerset'.
ComponentSet 'MiscComponents' was renamed and is being reset to 'componentset'.
Updating Model file from 30000 to latest format...
Loaded model gait10dof18musc.osim from file gait10dof18musc.osim
Couldn't find file 'sacrum.vtp'.
Couldn't find file 'pelvis.vtp'.
Couldn't find file 'l_pelvis.vtp'.
Couldn't find file 'femur_r.vtp'.
Couldn't find file 'tibia_r.vtp'.
Couldn't find file 'fibula.vtp'.
Couldn't find file 'talus.vtp'.
Couldn't find file 'foot.vtp'.
Couldn't find file 'bofoot.vtp'.
Couldn't find file 'femur_l.vtp'.
Couldn't find file 'tibia_l.vtp'.
Couldn't find file 'l_fibula.vtp'.
Couldn't find file 'l_talus.vtp'.
Couldn't find file 'l_foot.vtp'.
Couldn't find file 'l_bofoot.vtp'.
Couldn't find file 'hat_spine.vtp'.
Couldn't find file 'hat_jaw.vtp'.
Couldn't find file 'hat_skull.vtp'.
Couldn't find file 'hat_ribs.vtp'.
ControllerSet 'Controllers' was renamed and is being reset to 'controllerset'.
ComponentSet 'MiscComponents' was renamed and is being reset to 'componentset'.
Updating Model file from 20303 to latest format...
Loaded model arm26 from file arm26.osim
Couldn't find file 'ground_ribs.vtp'.
Couldn't find file 'ground_spine.vtp'.
Couldn't find file 'ground_skull.vtp'.
Couldn't find file 'ground_jaw.vtp'.
Couldn't find file 'ground_r_clavicle.vtp'.
Couldn't find file 'ground_r_scapula.vtp'.
Couldn't find file 'arm_r_humerus.vtp'.
Couldn't find file 'arm_r_ulna.vtp'.
Couldn't find file 'arm_r_radius.vtp'.
Couldn't find file 'arm_r_lunate.vtp'.
Couldn't find file 'arm_r_scaphoid.vtp'.
Couldn't find file 'arm_r_pisiform.vtp'.
Couldn't find file 'arm_r_triquetrum.vtp'.
Couldn't find file 'arm_r_capitate.vtp'.
Couldn't find file 'arm_r_trapezium.vtp'.
Couldn't find file 'arm_r_trapezoid.vtp'.
Couldn't find file 'arm_r_hamate.vtp'.
Couldn't find file 'arm_r_1mc.vtp'.
Couldn't find file 'arm_r_2mc.vtp'.
Couldn't find file 'arm_r_3mc.vtp'.
Couldn't find file 'arm_r_4mc.vtp'.
Couldn't find file 'arm_r_5mc.vtp'.
Couldn't find file 'arm_r_thumbprox.vtp'.
Couldn't find file 'arm_r_thumbdist.vtp'.
Couldn't find file 'arm_r_2proxph.vtp'.
Couldn't find file 'arm_r_2midph.vtp'.
Couldn't find file 'arm_r_2distph.vtp'.
Couldn't find file 'arm_r_3proxph.vtp'.
Couldn't find file 'arm_r_3midph.vtp'.
Couldn't find file 'arm_r_3distph.vtp'.
Couldn't find file 'arm_r_4proxph.vtp'.
Couldn't find file 'arm_r_4midph.vtp'.
Couldn't find file 'arm_r_4distph.vtp'.
Couldn't find file 'arm_r_5proxph.vtp'.
Couldn't find file 'arm_r_5midph.vtp'.
Couldn't find file 'arm_r_5distph.vtp'.
ControllerSet 'Controllers' was renamed and is being reset to 'controllerset'.
ComponentSet 'MiscComponents' was renamed and is being reset to 'componentset'.
Loaded model double_pendulum from file double_pendulum.osim
Couldn't find file 'cylinder.vtp'.
Couldn't find file 'sphere.vtp'.
Couldn't find file 'cylinder.vtp'.
Couldn't find file 'sphere.vtp'.
Updating Model file from 30000 to latest format...
Loaded model gait10dof18musc.osim from file gait10dof18musc.osim
Couldn't find file 'sacrum.vtp'.
Couldn't find file 'pelvis.vtp'.
Couldn't find file 'l_pelvis.vtp'.
Couldn't find file 'femur_r.vtp'.
Couldn't find file 'tibia_r.vtp'.
Couldn't find file 'fibula.vtp'.
Couldn't find file 'talus.vtp'.
Couldn't find file 'foot.vtp'.
Couldn't find file 'bofoot.vtp'.
Couldn't find file 'femur_l.vtp'.
Couldn't find file 'tibia_l.vtp'.
Couldn't find file 'l_fibula.vtp'.
Couldn't find file 'l_talus.vtp'.
Couldn't find file 'l_foot.vtp'.
Couldn't find file 'l_bofoot.vtp'.
Couldn't find file 'hat_spine.vtp'.
Couldn't find file 'hat_jaw.vtp'.
Couldn't find file 'hat_skull.vtp'.
Couldn't find file 'hat_ribs.vtp'.
ControllerSet 'Controllers' was renamed and is being reset to 'controllerset'.
ComponentSet 'MiscComponents' was renamed and is being reset to 'componentset'.
Updating Model file from 20303 to latest format...
Loaded model 3DGaitModel2354 from file gait2354_simbody.osim
Couldn't find file 'sacrum.vtp'.
Couldn't find file 'pelvis.vtp'.
Couldn't find file 'l_pelvis.vtp'.
Couldn't find file 'femur_r.vtp'.
Couldn't find file 'tibia_r.vtp'.
Couldn't find file 'fibula.vtp'.
Couldn't find file 'talus.vtp'.
Couldn't find file 'foot.vtp'.
Couldn't find file 'bofoot.vtp'.
Couldn't find file 'femur_l.vtp'.
Couldn't find file 'tibia_l.vtp'.
Couldn't find file 'l_fibula.vtp'.
Couldn't find file 'l_talus.vtp'.
Couldn't find file 'l_foot.vtp'.
Couldn't find file 'l_bofoot.vtp'.
Couldn't find file 'hat_spine.vtp'.
Couldn't find file 'hat_jaw.vtp'.
Couldn't find file 'hat_skull.vtp'.
Couldn't find file 'hat_ribs.vtp'.
ControllerSet 'Controllers' was renamed and is being reset to 'controllerset'.
ComponentSet 'MiscComponents' was renamed and is being reset to 'componentset'.
Updating Model file from 20303 to latest format...
Loaded model arm26 from file arm26.osim
Couldn't find file 'ground_ribs.vtp'.
Couldn't find file 'ground_spine.vtp'.
Couldn't find file 'ground_skull.vtp'.
Couldn't find file 'ground_jaw.vtp'.
Couldn't find file 'ground_r_clavicle.vtp'.
Couldn't find file 'ground_r_scapula.vtp'.
Couldn't find file 'arm_r_humerus.vtp'.
Couldn't find file 'arm_r_ulna.vtp'.
Couldn't find file 'arm_r_radius.vtp'.
Couldn't find file 'arm_r_lunate.vtp'.
Couldn't find file 'arm_r_scaphoid.vtp'.
Couldn't find file 'arm_r_pisiform.vtp'.
Couldn't find file 'arm_r_triquetrum.vtp'.
Couldn't find file 'arm_r_capitate.vtp'.
Couldn't find file 'arm_r_trapezium.vtp'.
Couldn't find file 'arm_r_trapezoid.vtp'.
Couldn't find file 'arm_r_hamate.vtp'.
Couldn't find file 'arm_r_1mc.vtp'.
Couldn't find file 'arm_r_2mc.vtp'.
Couldn't find file 'arm_r_3mc.vtp'.
Couldn't find file 'arm_r_4mc.vtp'.
Couldn't find file 'arm_r_5mc.vtp'.
Couldn't find file 'arm_r_thumbprox.vtp'.
Couldn't find file 'arm_r_thumbdist.vtp'.
Couldn't find file 'arm_r_2proxph.vtp'.
Couldn't find file 'arm_r_2midph.vtp'.
Couldn't find file 'arm_r_2distph.vtp'.
Couldn't find file 'arm_r_3proxph.vtp'.
Couldn't find file 'arm_r_3midph.vtp'.
Couldn't find file 'arm_r_3distph.vtp'.
Couldn't find file 'arm_r_4proxph.vtp'.
Couldn't find file 'arm_r_4midph.vtp'.
Couldn't find file 'arm_r_4distph.vtp'.
Couldn't find file 'arm_r_5proxph.vtp'.
Couldn't find file 'arm_r_5midph.vtp'.
Couldn't find file 'arm_r_5distph.vtp'.
ControllerSet 'Controllers' was renamed and is being reset to 'controllerset'.
ComponentSet 'MiscComponents' was renamed and is being reset to 'componentset'.
Loaded model double_pendulum from file double_pendulum.osim
Couldn't find file 'cylinder.vtp'.
Couldn't find file 'sphere.vtp'.
Couldn't find file 'cylinder.vtp'.
Couldn't find file 'sphere.vtp'.
Updating Model file from 30000 to latest format...
Loaded model gait10dof18musc.osim from file gait10dof18musc.osim
Couldn't find file 'sacrum.vtp'.
Couldn't find file 'pelvis.vtp'.
Couldn't find file 'l_pelvis.vtp'.
Couldn't find file 'femur_r.vtp'.
Couldn't find file 'tibia_r.vtp'.
Couldn't find file 'fibula.vtp'.
Couldn't find file 'talus.vtp'.
Couldn't find file 'foot.vtp'.
Couldn't find file 'bofoot.vtp'.
Couldn't find file 'femur_l.vtp'.
Couldn't find file 'tibia_l.vtp'.
Couldn't find file 'l_fibula.vtp'.
Couldn't find file 'l_talus.vtp'.
Couldn't find file 'l_foot.vtp'.
Couldn't find file 'l_bofoot.vtp'.
Couldn't find file 'hat_spine.vtp'.
Couldn't find file 'hat_jaw.vtp'.
Couldn't find file 'hat_skull.vtp'.
Couldn't find file 'hat_ribs.vtp'.
ControllerSet 'Controllers' was renamed and is being reset to 'controllerset'.
ComponentSet 'MiscComponents' was renamed and is being reset to 'componentset'.
Updating Model file from 20303 to latest format...
Loaded model 3DGaitModel2354 from file gait2354_simbody.osim
Couldn't find file 'sacrum.vtp'.
Couldn't find file 'pelvis.vtp'.
Couldn't find file 'l_pelvis.vtp'.
Couldn't find file 'femur_r.vtp'.
Couldn't find file 'tibia_r.vtp'.
Couldn't find file 'fibula.vtp'.
Couldn't find file 'talus.vtp'.
Couldn't find file 'foot.vtp'.
Couldn't find file 'bofoot.vtp'.
Couldn't find file 'femur_l.vtp'.
Couldn't find file 'tibia_l.vtp'.
Couldn't find file 'l_fibula.vtp'.
Couldn't find file 'l_talus.vtp'.
Couldn't find file 'l_foot.vtp'.
Couldn't find file 'l_bofoot.vtp'.
Couldn't find file 'hat_spine.vtp'.
Couldn't find file 'hat_jaw.vtp'.
Couldn't find file 'hat_skull.vtp'.
Couldn't find file 'hat_ribs.vtp'.
ControllerSet 'Controllers' was renamed and is being reset to 'controllerset'.
ComponentSet 'MiscComponents' was renamed and is being reset to 'componentset'.
Updating Model file from 20303 to latest format...
Loaded model 3DGaitModel2392 from file gait2392_millard2012muscle.osim
Couldn't find file 'treadmill.vtp'.
Couldn't find file 'sacrum.vtp'.
Couldn't find file 'pelvis.vtp'.
Couldn't find file 'l_pelvis.vtp'.
Couldn't find file 'femur_r.vtp'.
Couldn't find file 'tibia_r.vtp'.
Couldn't find file 'fibula.vtp'.
Couldn't find file 'talus.vtp'.
Couldn't find file 'foot.vtp'.
Couldn't find file 'bofoot.vtp'.
Couldn't find file 'femur_l.vtp'.
Couldn't find file 'tibia_l.vtp'.
Couldn't find file 'l_fibula.vtp'.
Couldn't find file 'l_talus.vtp'.
Couldn't find file 'l_foot.vtp'.
Couldn't find file 'l_bofoot.vtp'.
Couldn't find file 'hat_spine.vtp'.
Couldn't find file 'hat_jaw.vtp'.
Couldn't find file 'hat_skull.vtp'.
Couldn't find file 'hat_ribs.vtp'.
ControllerSet 'Controllers' was renamed and is being reset to 'controllerset'.
ComponentSet 'MiscComponents' was renamed and is being reset to 'componentset'.
Updating Model file from 30000 to latest format...
Loaded model FullBodyModel_MuscleActuatedLowerLimb_TorqueActuatedUpperBody from file Rajagopal2015.osim
Couldn't find file 'r_pelvis.vtp'.
Couldn't find file 'l_pelvis.vtp'.
Couldn't find file 'sacrum.vtp'.
Couldn't find file 'r_femur.vtp'.
Couldn't find file 'r_tibia.vtp'.
Couldn't find file 'r_fibula.vtp'.
Couldn't find file 'r_patella.vtp'.
Couldn't find file 'r_talus.vtp'.
Couldn't find file 'r_foot.vtp'.
Couldn't find file 'r_bofoot.vtp'.
Couldn't find file 'l_femur.vtp'.
Couldn't find file 'l_tibia.vtp'.
Couldn't find file 'l_fibula.vtp'.
Couldn't find file 'l_patella.vtp'.
Couldn't find file 'l_talus.vtp'.
Couldn't find file 'l_foot.vtp'.
Couldn't find file 'l_bofoot.vtp'.
Couldn't find file 'hat_spine.vtp'.
Couldn't find file 'hat_jaw.vtp'.
Couldn't find file 'hat_skull.vtp'.
Couldn't find file 'hat_ribs_scap.vtp'.
Couldn't find file 'humerus_rv.vtp'.
Couldn't find file 'ulna_rv.vtp'.
Couldn't find file 'radius_rv.vtp'.
Couldn't find file 'pisiform_rvs.vtp'.
Couldn't find file 'lunate_rvs.vtp'.
Couldn't find file 'scaphoid_rvs.vtp'.
Couldn't find file 'triquetrum_rvs.vtp'.
Couldn't find file 'hamate_rvs.vtp'.
Couldn't find file 'capitate_rvs.vtp'.
Couldn't find file 'trapezoid_rvs.vtp'.
Couldn't find file 'trapezium_rvs.vtp'.
Couldn't find file 'metacarpal2_rvs.vtp'.
Couldn't find file 'index_proximal_rvs.vtp'.
Couldn't find file 'index_medial_rvs.vtp'.
Couldn't find file 'index_distal_rvs.vtp'.
Couldn't find file 'metacarpal3_rvs.vtp'.
Couldn't find file 'middle_proximal_rvs.vtp'.
Couldn't find file 'middle_medial_rvs.vtp'.
Couldn't find file 'middle_distal_rvs.vtp'.
Couldn't find file 'metacarpal4_rvs.vtp'.
Couldn't find file 'ring_proximal_rvs.vtp'.
Couldn't find file 'ring_medial_rvs.vtp'.
Couldn't find file 'ring_distal_rvs.vtp'.
Couldn't find file 'metacarpal5_rvs.vtp'.
Couldn't find file 'little_proximal_rvs.vtp'.
Couldn't find file 'little_medial_rvs.vtp'.
Couldn't find file 'little_distal_rvs.vtp'.
Couldn't find file 'metacarpal1_rvs.vtp'.
Couldn't find file 'thumb_proximal_rvs.vtp'.
Couldn't find file 'thumb_distal_rvs.vtp'.
Couldn't find file 'humerus_lv.vtp'.
Couldn't find file 'ulna_lv.vtp'.
Couldn't find file 'radius_lv.vtp'.
Couldn't find file 'pisiform_lvs.vtp'.
Couldn't find file 'lunate_lvs.vtp'.
Couldn't find file 'scaphoid_lvs.vtp'.
Couldn't find file 'triquetrum_lvs.vtp'.
Couldn't find file 'hamate_lvs.vtp'.
Couldn't find file 'capitate_lvs.vtp'.
Couldn't find file 'trapezoid_lvs.vtp'.
Couldn't find file 'trapezium_lvs.vtp'.
Couldn't find file 'metacarpal2_lvs.vtp'.
Couldn't find file 'index_proximal_lvs.vtp'.
Couldn't find file 'index_medial_lvs.vtp'.
Couldn't find file 'index_distal_lvs.vtp'.
Couldn't find file 'metacarpal3_lvs.vtp'.
Couldn't find file 'middle_proximal_lvs.vtp'.
Couldn't find file 'middle_medial_lvs.vtp'.
Couldn't find file 'middle_distal_lvs.vtp'.
Couldn't find file 'metacarpal4_lvs.vtp'.
Couldn't find file 'ring_proximal_lvs.vtp'.
Couldn't find file 'ring_medial_lvs.vtp'.
Couldn't find file 'ring_distal_lvs.vtp'.
Couldn't find file 'metacarpal5_lvs.vtp'.
Couldn't find file 'little_proximal_lvs.vtp'.
Couldn't find file 'little_medial_lvs.vtp'.
Couldn't find file 'little_distal_lvs.vtp'.
Couldn't find file 'metacarpal1_lvs.vtp'.
Couldn't find file 'thumb_proximal_lvs.vtp'.
Couldn't find file 'thumb_distal_lvs.vtp'.
