Determining if the pthread_create exist failed with the following output:
Change Dir: /home/none/Documents/cpp/OpenSim/OpenSim_RA/build/CMakeFiles/CMakeTmp

Run Build Command:"/usr/bin/make" "cmTC_b1207/fast"
/usr/bin/make -f CMakeFiles/cmTC_b1207.dir/build.make CMakeFiles/cmTC_b1207.dir/build
make[1]: Entering directory '/home/none/Documents/cpp/OpenSim/OpenSim_RA/build/CMakeFiles/CMakeTmp'
Building C object CMakeFiles/cmTC_b1207.dir/CheckSymbolExists.c.o
/usr/bin/gcc    -o CMakeFiles/cmTC_b1207.dir/CheckSymbolExists.c.o   -c /home/none/Documents/cpp/OpenSim/OpenSim_RA/build/CMakeFiles/CMakeTmp/CheckSymbolExists.c
Linking C executable cmTC_b1207
/usr/bin/cmake -E cmake_link_script CMakeFiles/cmTC_b1207.dir/link.txt --verbose=1
/usr/bin/gcc      -rdynamic CMakeFiles/cmTC_b1207.dir/CheckSymbolExists.c.o  -o cmTC_b1207 
CMakeFiles/cmTC_b1207.dir/CheckSymbolExists.c.o: In function `main':
CheckSymbolExists.c:(.text+0x1b): undefined reference to `pthread_create'
collect2: error: ld returned 1 exit status
CMakeFiles/cmTC_b1207.dir/build.make:97: recipe for target 'cmTC_b1207' failed
make[1]: *** [cmTC_b1207] Error 1
make[1]: Leaving directory '/home/none/Documents/cpp/OpenSim/OpenSim_RA/build/CMakeFiles/CMakeTmp'
Makefile:126: recipe for target 'cmTC_b1207/fast' failed
make: *** [cmTC_b1207/fast] Error 2

File /home/none/Documents/cpp/OpenSim/OpenSim_RA/build/CMakeFiles/CMakeTmp/CheckSymbolExists.c:
/* */
#include <pthread.h>

int main(int argc, char** argv)
{
  (void)argv;
#ifndef pthread_create
  return ((int*)(&pthread_create))[argc];
#else
  (void)argc;
  return 0;
#endif
}

Determining if the function pthread_create exists in the pthreads failed with the following output:
Change Dir: /home/none/Documents/cpp/OpenSim/OpenSim_RA/build/CMakeFiles/CMakeTmp

Run Build Command:"/usr/bin/make" "cmTC_421cd/fast"
/usr/bin/make -f CMakeFiles/cmTC_421cd.dir/build.make CMakeFiles/cmTC_421cd.dir/build
make[1]: Entering directory '/home/none/Documents/cpp/OpenSim/OpenSim_RA/build/CMakeFiles/CMakeTmp'
Building C object CMakeFiles/cmTC_421cd.dir/CheckFunctionExists.c.o
/usr/bin/gcc   -DCHECK_FUNCTION_EXISTS=pthread_create   -o CMakeFiles/cmTC_421cd.dir/CheckFunctionExists.c.o   -c /usr/share/cmake-3.10/Modules/CheckFunctionExists.c
Linking C executable cmTC_421cd
/usr/bin/cmake -E cmake_link_script CMakeFiles/cmTC_421cd.dir/link.txt --verbose=1
/usr/bin/gcc  -DCHECK_FUNCTION_EXISTS=pthread_create    -rdynamic CMakeFiles/cmTC_421cd.dir/CheckFunctionExists.c.o  -o cmTC_421cd -lpthreads 
/usr/bin/ld: cannot find -lpthreads
collect2: error: ld returned 1 exit status
CMakeFiles/cmTC_421cd.dir/build.make:97: recipe for target 'cmTC_421cd' failed
make[1]: *** [cmTC_421cd] Error 1
make[1]: Leaving directory '/home/none/Documents/cpp/OpenSim/OpenSim_RA/build/CMakeFiles/CMakeTmp'
Makefile:126: recipe for target 'cmTC_421cd/fast' failed
make: *** [cmTC_421cd/fast] Error 2


